total 27456
-rw-r--r--    1 nbontha  930363745       578 Oct 31 23:13 1
-rw-r--r--    1 nbontha  930363745       313 Nov 20 05:13 10
-rw-r--r--    1 nbontha  930363745       441 Nov 19 07:36 6
-rw-r--r--    1 nbontha  930363745       582 Nov 20 04:59 9
drwx------@   7 nbontha  930363745       224 Oct 13 00:43 Applications
drwxr-xr-x@   5 nbontha  930363745       160 Jun  1  2020 Applications (Parallels)
drwxr-xr-x    4 nbontha  930363745       128 May 18  2020 ConnectWiseControl
drwxr-xr-x   38 nbontha  930363745      1216 Nov 19 09:55 Desktop
drwx------+  51 nbontha  930363745      1632 Oct 30 17:56 Documents
drwx------@ 177 nbontha  930363745      5664 Nov 17 10:51 Downloads
drwxr-xr-x    3 nbontha  930363745        96 Sep  2  2020 GolandProjects
-rw-r--r--@   1 nbontha  930363745     46289 Oct 28 08:05 K8S-bookmarks_10_19_21.html
drwx------@  96 nbontha  930363745      3072 Nov 19 09:21 Library
drwx------+  54 nbontha  930363745      1728 Nov 19 04:30 Movies
drwx------+   9 nbontha  930363745       288 Nov 17 14:40 Music
drwx------    3 nbontha  930363745        96 Oct  4  2019 Parallels
drwx------+  11 nbontha  930363745       352 Jul 23 09:53 Pictures
drwxr-xr-x    3 nbontha  930363745        96 Oct  4  2019 Postman
drwxr-xr-x+   4 nbontha  930363745       128 Oct  1  2019 Public
-rwxrwxrwx@   1 nbontha  930363745      2602 Nov 17 14:33 art.sh
drwxr-xr-x    4 nbontha  930363745       128 Oct 25  2019 awscli-bundle
-rw-r--r--    1 nbontha  930363745     45749 May 13  2020 buildeng.txt
-rw-r--r--    1 nbontha  930363745     45409 May 13  2020 buildstg.txt
drwxr-xr-x    3 nbontha  930363745        96 Jun 18  2020 certs
drwxr-xr-x    9 nbontha  930363745       288 Mar 12  2020 cfg
drwxr-xr-x   33 nbontha  930363745      1056 Nov 20 06:12 ckad
-rw-r--r--    1 nbontha  930363745     14068 Oct 23 09:23 ckad.html
-rw-r--r--    1 nbontha  930363745     58142 Oct 23 09:34 ckad1.html
-rw-r--r--@   1 nbontha  930363745      4150 Oct 23 10:37 components.yaml
-rw-r--r--    1 nbontha  930363745       447 Oct 31 20:20 d
-rw-r--r--    1 nbontha  930363745         0 Nov 20 08:44 d.log
drwxr-xr-x@  50 nbontha  930363745      1600 Nov  9 11:41 dev
drwxr-xr-x   16 nbontha  930363745       512 Jul 15  2020 dkwebapi
drwxr-xr-x    3 nbontha  930363745        96 Feb 11  2020 ekscluster
-rw-r--r--    1 nbontha  930363745      1533 Apr 10  2020 extensions.txt
-rwxrwxrwx    1 nbontha  930363745      6484 Nov 11 21:00 getToken.sh
-rw-r--r--    1 nbontha  930363745       291 Apr  2  2020 gitlabinstall.txt
drwxr-xr-x    6 nbontha  930363745       192 Oct 14  2019 go
drwxr-xr-x    2 nbontha  930363745        64 Aug 27  2020 help
-rw-r--r--    1 nbontha  930363745   1130204 Apr 12  2021 history.txt
drwxr-xr-x   13 nbontha  930363745       416 Oct 19  2020 homebrew-core
-rw-r--r--    1 nbontha  930363745       414 Oct 27 07:15 j2.yaml
-rw-r--r--    1 nbontha  930363745      1392 May 19  2020 k9sconfig.yml
-rwxr-xr-x    1 nbontha  930363745  11502926 Mar 12  2020 kube-bench
drwxr-xr-x   11 nbontha  930363745       352 Apr 22  2020 kube-ps1
-rwxrwxrwx@   1 nbontha  930363745     94332 Nov 18 04:25 light.sh
-rwxr-xr-x    1 nbontha  930363745      1826 Nov 17 14:30 lsApi.sh
-rwxrwxrwx    1 nbontha  930363745        70 Oct 27 07:08 manager.sh
drwxr-xr-x   16 nbontha  930363745       512 Nov 17 14:40 maximum-awesome
-rw-r--r--    1 nbontha  930363745      8178 Sep 30  2020 metrics.txt
-rw-r--r--    1 nbontha  930363745    760869 Oct 17  2020 mycmdhistory.txt
-rw-r--r--    1 nbontha  930363745    189384 Mar 26  2021 mydaily.osp
drwxr-xr-x    5 nbontha  930363745       160 Mar 26  2021 mydaily_assets
-rwxr-xr-x@   1 nbontha  930363745     29934 Sep  1 11:41 n.sh
-rw-r--r--    1 nbontha  930363745       281 Nov 19 10:47 nc
drwxr-xr-x    7 nbontha  930363745       224 Feb 11  2020 nitro-swagger
drwxr-xr-x    2 nbontha  930363745        64 Oct  1  2019 onecoremsvsmon
-rw-r--r--    1 nbontha  930363745         0 Nov 20 08:44 out.log
-rw-r--r--    1 nbontha  930363745       279 Oct 31 21:15 p
-rw-r--r--    1 nbontha  930363745       273 Nov 20 05:20 podlogs.txt
-rw-r--r--    1 nbontha  930363745       253 Oct 31 22:10 s
-rw-r--r--    1 nbontha  930363745       408 Feb 12  2020 server-20200212-214824.log
-rw-r--r--    1 nbontha  930363745      4443 Nov 20 07:42 tmp.txt
drwxr-xr-x    6 nbontha  930363745       192 Nov  9  2019 trueline
drwxr-xr-x    3 nbontha  930363745        96 Oct  1  2019 vsdbg
-rw-r--r--@   1 nbontha  930363745       987 Mar 31  2020 wallet.sh
-rwxrwxrwx@   1 nbontha  930363745        46 Sep 24 13:45 xcode.sh
